[2023-08-10 21:48:42] [ INFO ] [DB:48] conexion con Driver exitosa
[2023-08-10 21:48:42] [ INFO ] [DB:31] 1° lo primero es crear las tablas
[2023-08-10 21:48:42] [ INFO ] [DB:32] Creacion de tablas exitoso
[2023-08-10 21:48:42] [ WARN ] [DB:39] conexion cerrada
[2023-08-10 22:18:04] [ INFO ] [DB:47] Conexion de Driver exitosa
[2023-08-10 22:18:32] [ INFO ] [DB:47] Conexion de Driver exitosa
[2023-08-10 22:19:39] [ INFO ] [DB:47] Conexion de Driver exitosa
[2023-08-10 22:20:02] [ INFO ] [DB:47] Conexion de Driver exitosa
[2023-08-10 22:21:08] [ INFO ] [DB:47] Conexion de Driver exitosa
[2023-08-10 22:21:44] [ INFO ] [DB:47] Conexion de Driver exitosa
[2023-08-10 22:21:44] [ INFO ] [DB:29] 1° lo primero es crear las tablas
[2023-08-10 22:21:44] [ WARN ] [DB:30] Creación de tablas exitoso ✅
[2023-08-10 22:21:44] [ WARN ] [DB:38] conexion cerrada ❎
[2023-08-10 22:21:44] [ INFO ] [OdontologoService:28] 2° invoco al SERVICE para que inicie las operaciones de Guardado
[2023-08-10 22:21:44] [ INFO ] [OdontologoDAOH2:20] 3° inicio de operacion de guardado de un medicamento
[2023-08-10 22:21:44] [ INFO ] [DB:47] Conexion de Driver exitosa
[2023-08-10 22:21:44] [ INFO ] [OdontologoDAOH2:37] 4° Medicamento guardado en la DB con el id: 1
[2023-08-10 22:23:45] [ INFO ] [DB:47] Conexion de Driver exitosa
[2023-08-10 22:23:46] [ INFO ] [DB:29] 1° lo primero es crear las tablas
[2023-08-10 22:23:46] [ WARN ] [DB:30] Creación de tablas exitoso ✅
[2023-08-10 22:23:46] [ WARN ] [DB:38] Conexión cerrada 🔘
[2023-08-10 22:23:46] [ INFO ] [OdontologoService:28] 2° invoco al SERVICE para que inicie las operaciones de Guardado
[2023-08-10 22:23:46] [ INFO ] [OdontologoDAOH2:20] 3° Operacion de guardado de un odontólogo
[2023-08-10 22:23:46] [ INFO ] [DB:47] Conexion de Driver exitosa
[2023-08-10 22:23:46] [ INFO ] [OdontologoDAOH2:37] 4° Odontologo guardado en la DB con el id: 1
[2023-08-10 22:43:15] [ INFO ] [DB:47] Conexion de Driver exitosa
[2023-08-10 22:43:15] [ INFO ] [DB:29] 1° lo primero es crear las tablas
[2023-08-10 22:43:15] [ WARN ] [DB:30] Creación de tablas exitoso ✅
[2023-08-10 22:43:15] [ WARN ] [DB:38] Conexión cerrada 🔘
[2023-08-10 22:43:15] [ INFO ] [OdontologoService:28] 2° invoco al SERVICE para que inicie las operaciones de Guardado
[2023-08-10 22:43:15] [ INFO ] [OdontologoDAOH2:20] 3° Operacion de guardado de un odontólogo
[2023-08-10 22:43:15] [ INFO ] [DB:47] Conexion de Driver exitosa
[2023-08-10 22:43:15] [ INFO ] [OdontologoDAOH2:37] 4° Odontologo guardado en la DB con el id: 1
[2023-08-10 22:46:08] [ INFO ] [DB:47] Conexion de Driver exitosa
[2023-08-10 22:46:08] [ INFO ] [DB:29] 1° lo primero es crear las tablas
[2023-08-10 22:46:08] [ WARN ] [DB:30] Creación de tablas exitoso ✅
[2023-08-10 22:46:08] [ WARN ] [DB:38] Conexión cerrada 🔘
[2023-08-10 22:46:08] [ INFO ] [OdontologoService:28] 2° invoco al SERVICE para que inicie las operaciones de Guardado
[2023-08-10 22:46:08] [ INFO ] [OdontologoDAOH2:20] 3° Operacion de guardado de un odontólogo
[2023-08-10 22:46:08] [ INFO ] [DB:47] Conexion de Driver exitosa
[2023-08-10 22:46:08] [ INFO ] [OdontologoDAOH2:37] 4° Odontologo guardado en la DB con el id: 1
[2023-08-10 22:46:08] [ INFO ] [OdontologoService:35]  SERVICE para que inicie ACTUALIZAR
[2023-08-10 22:46:08] [ INFO ] [OdontologoDAOH2:20] 3° Operacion de guardado de un odontólogo
[2023-08-10 22:46:08] [ INFO ] [DB:47] Conexion de Driver exitosa
[2023-08-10 22:46:08] [ INFO ] [OdontologoService:42] SERVICE para que inicie CONSULTAR
[2023-08-10 22:46:08] [ INFO ] [OdontologoDAOH2:20] 3° Operacion de guardado de un odontólogo
[2023-08-10 22:46:08] [ INFO ] [DB:47] Conexion de Driver exitosa
[2023-08-10 22:48:22] [ INFO ] [DB:47] Conexion de Driver exitosa
[2023-08-10 22:48:23] [ INFO ] [DB:29] 1° lo primero es crear las tablas
[2023-08-10 22:48:23] [ WARN ] [DB:30] Creación de tablas exitoso ✅
[2023-08-10 22:48:23] [ WARN ] [DB:38] Conexión cerrada 🔘
[2023-08-10 22:48:23] [ INFO ] [OdontologoService:28] 2° invoco al SERVICE para que inicie las operaciones de Guardado
[2023-08-10 22:48:23] [ INFO ] [OdontologoDAOH2:20] 3° Operacion de guardado de un odontólogo
[2023-08-10 22:48:23] [ INFO ] [DB:47] Conexion de Driver exitosa
[2023-08-10 22:48:23] [ INFO ] [OdontologoDAOH2:37] 4° Odontologo guardado en la DB con el id: 1
[2023-08-10 22:48:23] [ INFO ] [OdontologoService:35]  SERVICE para que inicie ACTUALIZAR
[2023-08-10 22:48:23] [ INFO ] [OdontologoDAOH2:54] 5° Operacion de actualización de MATRICULA
[2023-08-10 22:48:23] [ INFO ] [DB:47] Conexion de Driver exitosa
[2023-08-10 22:48:23] [ WARN ] [OdontologoDAOH2:63] 5° Matricula de Odontologo ACTUALIZADA en la DB con el id: 1
[2023-08-10 22:48:23] [ INFO ] [OdontologoService:42] SERVICE para que inicie CONSULTAR
[2023-08-10 22:48:23] [ INFO ] [DB:47] Conexion de Driver exitosa
